<?xml version="1.0" encoding="UTF-8"?>
<testng-results ignored="0" total="1" passed="1" failed="0" skipped="0">
  <reporter-output>
  </reporter-output>
  <suite started-at="2025-03-09T02:34:02 ART" name="Surefire suite" finished-at="2025-03-09T02:34:25 ART" duration-ms="22786">
    <groups>
      <group name="cucumber">
        <method signature="AbstractTestNGCucumberTests.runScenario(io.cucumber.testng.PickleWrapper,io.cucumber.testng.FeatureWrapper)[pri:0, instance:qa.orangehrm.runner.TestRunner@14dd9eb7]" name="runScenario" class="io.cucumber.testng.AbstractTestNGCucumberTests"/>
      </group> <!-- cucumber -->
    </groups>
    <test started-at="2025-03-09T02:34:02 ART" name="Surefire test" finished-at="2025-03-09T02:34:25 ART" duration-ms="22786">
      <class name="qa.orangehrm.runner.TestRunner">
        <test-method is-config="true" signature="setUpClass(org.testng.ITestContext)[pri:0, instance:qa.orangehrm.runner.TestRunner@14dd9eb7]" started-at="2025-03-09T02:34:03 ART" name="setUpClass" finished-at="2025-03-09T02:34:03 ART" duration-ms="349" status="PASS">
          <params>
            <param index="0">
              <value>
                <![CDATA[org.testng.TestRunner@42fcc7e6]]>
              </value>
            </param>
          </params>
          <reporter-output>
          </reporter-output>
        </test-method> <!-- setUpClass -->
        <test-method signature="runScenario(io.cucumber.testng.PickleWrapper,io.cucumber.testng.FeatureWrapper)[pri:0, instance:qa.orangehrm.runner.TestRunner@14dd9eb7]" started-at="2025-03-09T02:34:03 ART" name="runScenario" description="Runs Cucumber Scenarios" data-provider="scenarios" finished-at="2025-03-09T02:34:25 ART" duration-ms="21817" status="PASS">
          <params>
            <param index="0">
              <value>
                <![CDATA["Successful login with valid credentials"]]>
              </value>
            </param>
            <param index="1">
              <value>
                <![CDATA["Login functionality"]]>
              </value>
            </param>
          </params>
          <reporter-output>
          </reporter-output>
        </test-method> <!-- runScenario -->
        <test-method is-config="true" signature="tearDownClass()[pri:0, instance:qa.orangehrm.runner.TestRunner@14dd9eb7]" started-at="2025-03-09T02:34:25 ART" name="tearDownClass" finished-at="2025-03-09T02:34:25 ART" duration-ms="534" status="PASS">
          <reporter-output>
          </reporter-output>
        </test-method> <!-- tearDownClass -->
      </class> <!-- qa.orangehrm.runner.TestRunner -->
    </test> <!-- Surefire test -->
  </suite> <!-- Surefire suite -->
</testng-results>
