<?xml version="1.0" encoding="UTF-8"?>
<testng-results ignored="0" total="1" passed="1" failed="0" skipped="0">
  <reporter-output>
  </reporter-output>
  <suite started-at="2025-07-05T17:14:56 ART" name="Surefire suite" finished-at="2025-07-05T17:15:40 ART" duration-ms="44486">
    <groups>
      <group name="cucumber">
        <method signature="AbstractTestNGCucumberTests.runScenario(io.cucumber.testng.PickleWrapper,io.cucumber.testng.FeatureWrapper)[pri:0, instance:qa.orangehrm.runner.TestRunner@4a94ee4]" name="runScenario" class="io.cucumber.testng.AbstractTestNGCucumberTests"/>
      </group> <!-- cucumber -->
    </groups>
    <test started-at="2025-07-05T17:14:56 ART" name="Surefire test" finished-at="2025-07-05T17:15:40 ART" duration-ms="44486">
      <class name="qa.orangehrm.runner.TestRunner">
        <test-method is-config="true" signature="setUpClass(org.testng.ITestContext)[pri:0, instance:qa.orangehrm.runner.TestRunner@4a94ee4]" started-at="2025-07-05T17:14:56 ART" name="setUpClass" finished-at="2025-07-05T17:14:56 ART" duration-ms="270" status="PASS">
          <params>
            <param index="0">
              <value>
                <![CDATA[org.testng.TestRunner@59072e9d]]>
              </value>
            </param>
          </params>
          <reporter-output>
          </reporter-output>
        </test-method> <!-- setUpClass -->
        <test-method signature="runScenario(io.cucumber.testng.PickleWrapper,io.cucumber.testng.FeatureWrapper)[pri:0, instance:qa.orangehrm.runner.TestRunner@4a94ee4]" started-at="2025-07-05T17:14:56 ART" name="runScenario" description="Runs Cucumber Scenarios" data-provider="scenarios" finished-at="2025-07-05T17:15:40 ART" duration-ms="43814" status="PASS">
          <params>
            <param index="0">
              <value>
                <![CDATA["Successfully delete a user with ESS role"]]>
              </value>
            </param>
            <param index="1">
              <value>
                <![CDATA["Delete a user in the Admin panel"]]>
              </value>
            </param>
          </params>
          <reporter-output>
          </reporter-output>
        </test-method> <!-- runScenario -->
        <test-method is-config="true" signature="tearDownClass()[pri:0, instance:qa.orangehrm.runner.TestRunner@4a94ee4]" started-at="2025-07-05T17:15:40 ART" name="tearDownClass" finished-at="2025-07-05T17:15:40 ART" duration-ms="354" status="PASS">
          <reporter-output>
          </reporter-output>
        </test-method> <!-- tearDownClass -->
      </class> <!-- qa.orangehrm.runner.TestRunner -->
    </test> <!-- Surefire test -->
  </suite> <!-- Surefire suite -->
</testng-results>
