<?xml version="1.0" encoding="UTF-8"?>
<testsuite xmlns:xsi="http://www.w3.org/2001/XMLSchema-instance" xsi:noNamespaceSchemaLocation="https://maven.apache.org/surefire/maven-surefire-plugin/xsd/surefire-test-report-3.0.xsd" version="3.0" name="TestSuite" time="40.33" tests="1" errors="0" skipped="0" failures="0">
  <properties>
[...]
</properties>
  <testcase name="runScenario[&quot;Successfully add a new user with ESS role and enabled status&quot;, &quot;Add a new user in the Admin panel&quot;](1)" classname="qa.orangehrm.runner.TestRunner" time="39.239">
    <system-out><![CDATA[
@AddUser @AllTests
Scenario: Successfully add a new user with ESS role and enabled status &amp#27;[90m# src/test/java/qa/orangehrm/features/adduserInAdminLayout.feature:4&amp#27;[0m
[2025-03-12 15:11:30.658][INFO] -->Ejecutando con ventana maximizada
[2025-03-12 15:11:34.398][INFO] -->Levantando: https://opensource-demo.orangehrmlive.com/web/index.php/auth/login
[2025-03-12 15:11:36.715][ OK] -->ScreenShot: reports/screenshots/SCREENSHOT 12-mar-2025 151136_707 .png
[2025-03-12 15:11:41.774][INFO] -->levante la url
[2025-03-12 15:11:41.925][ OK] -->ScreenShot: reports/screenshots/SCREENSHOT 12-mar-2025 151141_921 .png
  &amp#27;[32mGiven &amp#27;[0m&amp#27;[32mThe user is logged in as an Admin and on the Dashboard page&amp#27;[0m    &amp#27;[90m# qa.orangehrm.steps.addUserSteps.the_user_is_logged_in_as_admin()&amp#27;[0m
[2025-03-12 15:11:43.624][INFO] -->Admin item clicked
[2025-03-12 15:11:43.776][ OK] -->ScreenShot: reports/screenshots/SCREENSHOT 12-mar-2025 151143_772 .png
[2025-03-12 15:11:44.787][INFO] -->clickea en admin
[2025-03-12 15:11:44.936][ OK] -->ScreenShot: reports/screenshots/SCREENSHOT 12-mar-2025 151144_932 .png
  &amp#27;[32mWhen &amp#27;[0m&amp#27;[32mThe user clicks on the Admin option in the search panel&amp#27;[0m         &amp#27;[90m# qa.orangehrm.steps.addUserSteps.the_user_clicks_on_the_admin_option_in_the_search_panel()&amp#27;[0m
[2025-03-12 15:11:44.938][INFO] -->Verifico si estoy en la gestion de usuarios
[2025-03-12 15:11:47.139][ OK] -->ScreenShot: reports/screenshots/SCREENSHOT 12-mar-2025 151147_135 .png
  &amp#27;[32mThen &amp#27;[0m&amp#27;[32mThe user should be redirected to the User Management layout&amp#27;[0m     &amp#27;[90m# qa.orangehrm.steps.addUserSteps.verifyRedirectToUserManagement()&amp#27;[0m
[2025-03-12 15:11:47.139][INFO] -->clickea en agregar
[2025-03-12 15:11:47.275][ OK] -->ScreenShot: reports/screenshots/SCREENSHOT 12-mar-2025 151147_272 .png
[2025-03-12 15:11:48.768][INFO] -->Add button clicked
  &amp#27;[32mWhen &amp#27;[0m&amp#27;[32mThe user clicks on the Add button&amp#27;[0m                               &amp#27;[90m# qa.orangehrm.steps.addUserSteps.the_user_clicks_on_the_add_button()&amp#27;[0m
[2025-03-12 15:11:48.770][INFO] -->Verifico si estoy en la vista de agregar usuario
[2025-03-12 15:11:49.797][OK] -->Assertion: Resultado Esperado: Add User Resultado Obtenido: Add User
[2025-03-12 15:11:50.980][ OK] -->ScreenShot: reports/screenshots/SCREENSHOT 12-mar-2025 151150_975 .png
  &amp#27;[32mThen &amp#27;[0m&amp#27;[32mThe user should be redirected to the Add User layout&amp#27;[0m            &amp#27;[90m# qa.orangehrm.steps.addUserSteps.verifyRedirectToAddUser()&amp#27;[0m
[2025-03-12 15:11:54.601][ OK] -->ScreenShot: reports/screenshots/SCREENSHOT 12-mar-2025 151154_597 .png
[2025-03-12 15:11:54.633][INFO] -->Seleccionando rol de usuario: ESS
  &amp#27;[32mWhen &amp#27;[0m&amp#27;[32mThe user selects &amp#27;[0m&amp#27;[32m&amp#27;[1m"ESS"&amp#27;[0m&amp#27;[32m from the User Role dropdown&amp#27;[0m              &amp#27;[90m# qa.orangehrm.steps.addUserSteps.the_user_selects_ess_from_the_user_role_dropdown(java.lang.String)&amp#27;[0m
[2025-03-12 15:11:55.639][INFO] -->Seleccionando nombre de empleado: James Butler
[2025-03-12 15:12:01.967][ OK] -->ScreenShot: reports/screenshots/SCREENSHOT 12-mar-2025 151201_963 .png
  &amp#27;[32mAnd &amp#27;[0m&amp#27;[32mThe user selects &amp#27;[0m&amp#27;[32m&amp#27;[1m"James Butler"&amp#27;[0m&amp#27;[32m from the Employee Name dropdown&amp#27;[0m  &amp#27;[90m# qa.orangehrm.steps.addUserSteps.the_user_selects_john_doe_from_the_employee_name_dropdown(java.lang.String)&amp#27;[0m
[2025-03-12 15:12:01.968][INFO] -->Selecciona User status
[2025-03-12 15:12:06.311][ OK] -->ScreenShot: reports/screenshots/SCREENSHOT 12-mar-2025 151206_307 .png
[2025-03-12 15:12:06.497][ OK] -->ScreenShot: reports/screenshots/SCREENSHOT 12-mar-2025 151206_488 .png
[2025-03-12 15:12:06.498][INFO] -->Cerrando Driver
  &amp#27;[32mAnd &amp#27;[0m&amp#27;[32mThe user selects &amp#27;[0m&amp#27;[32m&amp#27;[1m"Enabled"&amp#27;[0m&amp#27;[32m from the Status dropdown&amp#27;[0m              &amp#27;[90m# qa.orangehrm.steps.addUserSteps.the_user_selects_from_the_status_dropdown(java.lang.String)&amp#27;[0m
]]></system-out>
    <system-err><![CDATA[SLF4J(W): No SLF4J providers were found.
SLF4J(W): Defaulting to no-operation (NOP) logger implementation
SLF4J(W): See https://www.slf4j.org/codes.html#noProviders for further details.
mar 12, 2025 3:11:31 P. M. org.openqa.selenium.devtools.CdpVersionFinder findNearestMatch
WARNING: Unable to find an exact match for CDP version 134, returning the closest version; found: 133; Please update to a Selenium version that supports CDP version 134
]]></system-err>
  </testcase>
</testsuite>