<?xml version="1.0" encoding="UTF-8"?>
<testsuite xmlns:xsi="http://www.w3.org/2001/XMLSchema-instance" xsi:noNamespaceSchemaLocation="https://maven.apache.org/surefire/maven-surefire-plugin/xsd/surefire-test-report-3.0.xsd" version="3.0" name="TestSuite" time="45.132" tests="1" errors="0" skipped="0" failures="0">
  <properties>
[...]
</properties>
  <testcase name="runScenario[&quot;Successfully delete a user with ESS role&quot;, &quot;Delete a user in the Admin panel&quot;](1)" classname="qa.orangehrm.runner.TestRunner" time="43.817">
    <system-out><![CDATA[
@DeleteUser @AllTests
Scenario: Successfully delete a user with ESS role                                &amp#27;[90m# src/test/java/qa/orangehrm/features/deleteUserInAdminLayout.feature:4&amp#27;[0m
[2025-07-05 17:14:57.123][INFO] -->Ejecutando con ventana maximizada
[2025-07-05 17:15:00.944][INFO] -->Levantando: https://opensource-demo.orangehrmlive.com/web/index.php/auth/login
[2025-07-05 17:15:03.432][ OK] -->ScreenShot: reports/screenshots/SCREENSHOT 05-jul-2025 171503_419 .png
[2025-07-05 17:15:08.599][INFO] -->levante la url
[2025-07-05 17:15:08.783][ OK] -->ScreenShot: reports/screenshots/SCREENSHOT 05-jul-2025 171508_778 .png
  &amp#27;[32mGiven &amp#27;[0m&amp#27;[32mThe user logs in as an administrator&amp#27;[0m                                      &amp#27;[90m# qa.orangehrm.steps.deleteUserSteps.the_user_logs_in_as_an_administrator()&amp#27;[0m
[2025-07-05 17:15:10.620][INFO] -->Admin item clicked
[2025-07-05 17:15:10.775][ OK] -->ScreenShot: reports/screenshots/SCREENSHOT 05-jul-2025 171510_771 .png
[2025-07-05 17:15:13.782][INFO] -->levante la url
[2025-07-05 17:15:13.953][ OK] -->ScreenShot: reports/screenshots/SCREENSHOT 05-jul-2025 171513_947 .png
  &amp#27;[32mWhen &amp#27;[0m&amp#27;[32mThe user clicks on the Admin panel option in the navigation menu&amp#27;[0m           &amp#27;[90m# qa.orangehrm.steps.deleteUserSteps.the_user_clicks_on_the_Admin_panel_option_in_the_navigation_menu()&amp#27;[0m
[2025-07-05 17:15:17.024][INFO] -->levante la url
[2025-07-05 17:15:17.191][ OK] -->ScreenShot: reports/screenshots/SCREENSHOT 05-jul-2025 171517_186 .png
  &amp#27;[32mThen &amp#27;[0m&amp#27;[32mThe user should be redirected to the User Management&amp#27;[0m                       &amp#27;[90m# qa.orangehrm.steps.deleteUserSteps.the_user_should_be_redirected_to_the_user_management_layout()&amp#27;[0m
[2025-07-05 17:15:17.372][INFO] -->Searching for user: Uzerv-test01
[2025-07-05 17:15:17.506][INFO] -->Search button clicked
[2025-07-05 17:15:20.665][ OK] -->ScreenShot: reports/screenshots/SCREENSHOT 05-jul-2025 171520_662 .png
  &amp#27;[32mWhen &amp#27;[0m&amp#27;[32mThe user searches for &amp#27;[0m&amp#27;[32m&amp#27;[1m"Uzerv-test01"&amp#27;[0m&amp#27;[32m in the System user input field&amp#27;[0m        &amp#27;[90m# qa.orangehrm.steps.deleteUserSteps.the_user_searches_for_in_the_system_user_input_field(java.lang.String)&amp#27;[0m
[2025-07-05 17:15:20.776][INFO] -->Search button clicked
[2025-07-05 17:15:23.934][ OK] -->ScreenShot: reports/screenshots/SCREENSHOT 05-jul-2025 171523_929 .png
  &amp#27;[32mAnd &amp#27;[0m&amp#27;[32mThe user clicks on the Search button&amp#27;[0m                                        &amp#27;[90m# qa.orangehrm.steps.deleteUserSteps.the_user_clicks_on_the_search_button()&amp#27;[0m
[2025-07-05 17:15:27.181][ OK] -->ScreenShot: reports/screenshots/SCREENSHOT 05-jul-2025 171527_131 .png
  &amp#27;[32mThen &amp#27;[0m&amp#27;[32mThe user should see the &amp#27;[0m&amp#27;[32m&amp#27;[1m"Uzerv-test01"&amp#27;[0m&amp#27;[32m in the search results&amp#27;[0m               &amp#27;[90m# qa.orangehrm.steps.deleteUserSteps.the_user_should_see_the_in_the_search_results(java.lang.String)&amp#27;[0m
[2025-07-05 17:15:27.322][INFO] -->Delete user button clicked
[2025-07-05 17:15:30.482][ OK] -->ScreenShot: reports/screenshots/SCREENSHOT 05-jul-2025 171530_477 .png
  &amp#27;[32mWhen &amp#27;[0m&amp#27;[32mThe user clicks on the Delete button for the &amp#27;[0m&amp#27;[32m&amp#27;[1m"Uzerv-test01"&amp#27;[0m&amp#27;[32m user&amp#27;[0m           &amp#27;[90m# qa.orangehrm.steps.deleteUserSteps.the_user_clicks_on_the_delete_button_for_the_user(java.lang.String)&amp#27;[0m
[2025-07-05 17:15:33.696][ OK] -->ScreenShot: reports/screenshots/SCREENSHOT 05-jul-2025 171533_691 .png
  &amp#27;[32mThen &amp#27;[0m&amp#27;[32mA delete confirmation message is displayed&amp#27;[0m                                 &amp#27;[90m# qa.orangehrm.steps.deleteUserSteps.a_delete_confirmation_message_is_displayed()&amp#27;[0m
[2025-07-05 17:15:33.814][INFO] -->Delete user confirm button clicked
[2025-07-05 17:15:36.981][ OK] -->ScreenShot: reports/screenshots/SCREENSHOT 05-jul-2025 171536_977 .png
  &amp#27;[32mWhen &amp#27;[0m&amp#27;[32mThe user clicks on the Yes button in the confirmation message&amp#27;[0m              &amp#27;[90m# qa.orangehrm.steps.deleteUserSteps.the_user_clicks_on_the_yes_button_in_the_confirmation_message()&amp#27;[0m
[2025-07-05 17:15:40.181][ OK] -->ScreenShot: reports/screenshots/SCREENSHOT 05-jul-2025 171540_130 .png
  &amp#27;[32mThen &amp#27;[0m&amp#27;[32mThe user should see a success message indicating the user has been deleted&amp#27;[0m &amp#27;[90m# qa.orangehrm.steps.deleteUserSteps.the_user_should_see_a_success_message_indicating_the_user_has_been_deleted()&amp#27;[0m
]]></system-out>
    <system-err><![CDATA[SLF4J(W): No SLF4J providers were found.
SLF4J(W): Defaulting to no-operation (NOP) logger implementation
SLF4J(W): See https://www.slf4j.org/codes.html#noProviders for further details.
jul 05, 2025 5:14:58 P. M. org.openqa.selenium.devtools.CdpVersionFinder findNearestMatch
WARNING: Unable to find CDP implementation matching 138
jul 05, 2025 5:14:58 P. M. org.openqa.selenium.chromium.ChromiumDriver lambda$new$4
WARNING: Unable to find version of CDP to use for 138.0.7204.97. You may need to include a dependency on a specific version of the CDP using something similar to `org.seleniumhq.selenium:selenium-devtools-v86:4.29.0` where the version ("v86") matches the version of the chromium-based browser you're using and the version number of the artifact is the same as Selenium's.
]]></system-err>
  </testcase>
</testsuite>