<?xml version="1.0" encoding="UTF-8"?>
<testng-results ignored="0" total="1" passed="1" failed="0" skipped="0">
  <reporter-output>
  </reporter-output>
  <suite started-at="2025-03-08T19:02:50 ART" name="Surefire suite" finished-at="2025-03-08T19:03:09 ART" duration-ms="19042">
    <groups>
    </groups>
    <test started-at="2025-03-08T19:02:50 ART" name="Surefire test" finished-at="2025-03-08T19:03:09 ART" duration-ms="19042">
      <class name="qa.orangehrm.LoginTest">
        <test-method is-config="true" signature="setUp()[pri:0, instance:qa.orangehrm.LoginTest@5223e5ee]" started-at="2025-03-08T19:02:50 ART" name="setUp" finished-at="2025-03-08T19:03:01 ART" duration-ms="11586" status="PASS">
          <reporter-output>
          </reporter-output>
        </test-method> <!-- setUp -->
        <test-method signature="PruebaLoginOrangeERM()[pri:0, instance:qa.orangehrm.LoginTest@5223e5ee]" started-at="2025-03-08T19:03:01 ART" name="PruebaLoginOrangeERM" finished-at="2025-03-08T19:03:08 ART" duration-ms="6709" status="PASS">
          <reporter-output>
          </reporter-output>
        </test-method> <!-- PruebaLoginOrangeERM -->
        <test-method is-config="true" signature="tearDown()[pri:0, instance:qa.orangehrm.LoginTest@5223e5ee]" started-at="2025-03-08T19:03:08 ART" name="tearDown" finished-at="2025-03-08T19:03:09 ART" duration-ms="610" status="PASS">
          <reporter-output>
          </reporter-output>
        </test-method> <!-- tearDown -->
      </class> <!-- qa.orangehrm.LoginTest -->
    </test> <!-- Surefire test -->
  </suite> <!-- Surefire suite -->
</testng-results>
